[info] welcome to sbt 1.10.11 (Eclipse Adoptium Java 21.0.7)
[info] loading settings for project backend-build from plugins.sbt...
[info] loading project definition from /Users/flake/sources/misc/secman/src/backend/project
[info] loading settings for project root from build.sbt...
[info]   __              __
[info]   \ \     ____   / /____ _ __  __
[info]    \ \   / __ \ / // __ `// / / /
[info]    / /  / /_/ // // /_/ // /_/ /
[info]   /_/  / .___//_/ \__,_/ \__, /
[info]       /_/               /____/
[info] 
[info] Version 3.0.1 running Java 21.0.7
[info] 
[info] Play is run entirely by the community. Please consider contributing and/or donating:
[info] https://www.playframework.com/sponsors
[info] 
[info] running play.core.server.ProdServerStart 
2025-06-08 09:39:13 [34mINFO [0;39m [36mp.a.http.HttpErrorHandlerExceptions[0;39m [35m[0;39m Registering exception handler: guice-provision-exception-handler
2025-06-08 09:39:13 [34mINFO [0;39m [36mplay.api.db.DefaultDBApi[0;39m [35m[0;39m Database [default] initialized
2025-06-08 09:39:13 [34mINFO [0;39m [36mplay.api.db.HikariCPConnectionPool[0;39m [35m[0;39m Creating Pool for datasource 'default'
2025-06-08 09:39:13 [34mINFO [0;39m [36mplay.api.db.HikariCPConnectionPool[0;39m [35m[0;39m datasource [default] bound to JNDI as DefaultDS
Oops, cannot start the server.
Configuration error: Configuration error[
The application secret has not been set, and we are in prod mode. Your application is not secure.
To set the application secret, please read https://playframework.com/documentation/latest/ApplicationSecret
]
	at play.api.Configuration$.$anonfun$configError$1(Configuration.scala:159)
	at scala.Option.map(Option.scala:242)
	at play.api.Configuration$.configError(Configuration.scala:151)
	at play.api.Configuration.reportError(Configuration.scala:410)
	at play.api.http.HttpConfiguration$.getSecretConfiguration(HttpConfiguration.scala:283)
	at play.api.http.HttpConfiguration$.fromConfiguration(HttpConfiguration.scala:228)
	at play.api.http.HttpConfiguration$HttpConfigurationProvider.get$lzycompute(HttpConfiguration.scala:322)
	at play.api.http.HttpConfiguration$HttpConfigurationProvider.get(HttpConfiguration.scala:322)
	at play.api.http.HttpConfiguration$HttpConfigurationProvider.get(HttpConfiguration.scala:320)
	at com.google.inject.internal.ProviderInternalFactory.provision(ProviderInternalFactory.java:86)
	at com.google.inject.internal.BoundProviderFactory.provision(BoundProviderFactory.java:72)
	at com.google.inject.internal.ProviderInternalFactory.circularGet(ProviderInternalFactory.java:60)
	at com.google.inject.internal.BoundProviderFactory.get(BoundProviderFactory.java:59)
	at com.google.inject.internal.SingleParameterInjector.inject(SingleParameterInjector.java:40)
	at com.google.inject.internal.SingleParameterInjector.getAll(SingleParameterInjector.java:60)
	at com.google.inject.internal.ConstructorInjector.provision(ConstructorInjector.java:113)
	at com.google.inject.internal.ConstructorInjector.construct(ConstructorInjector.java:91)
	at com.google.inject.internal.ConstructorBindingImpl$Factory.get(ConstructorBindingImpl.java:300)
	at com.google.inject.internal.ProviderToInternalFactoryAdapter.get(ProviderToInternalFactoryAdapter.java:40)
	at com.google.inject.internal.SingletonScope$1.get(SingletonScope.java:169)
	at com.google.inject.internal.InternalFactoryToProviderAdapter.get(InternalFactoryToProviderAdapter.java:45)
	at com.google.inject.internal.BoundProviderFactory.get(BoundProviderFactory.java:58)
	at com.google.inject.internal.SingleParameterInjector.inject(SingleParameterInjector.java:40)
	at com.google.inject.internal.SingleParameterInjector.getAll(SingleParameterInjector.java:60)
	at com.google.inject.internal.ConstructorInjector.provision(ConstructorInjector.java:113)
	at com.google.inject.internal.ConstructorInjector.construct(ConstructorInjector.java:91)
	at com.google.inject.internal.ConstructorBindingImpl$Factory.get(ConstructorBindingImpl.java:300)
	at com.google.inject.internal.FactoryProxy.get(FactoryProxy.java:60)
	at com.google.inject.internal.SingleParameterInjector.inject(SingleParameterInjector.java:40)
	at com.google.inject.internal.SingleParameterInjector.getAll(SingleParameterInjector.java:60)
	at com.google.inject.internal.ConstructorInjector.provision(ConstructorInjector.java:113)
	at com.google.inject.internal.ConstructorInjector.construct(ConstructorInjector.java:91)
	at com.google.inject.internal.ConstructorBindingImpl$Factory.get(ConstructorBindingImpl.java:300)
	at com.google.inject.internal.ProviderToInternalFactoryAdapter.get(ProviderToInternalFactoryAdapter.java:40)
	at com.google.inject.internal.SingletonScope$1.get(SingletonScope.java:169)
	at com.google.inject.internal.InternalFactoryToProviderAdapter.get(InternalFactoryToProviderAdapter.java:45)
	at com.google.inject.internal.FactoryProxy.get(FactoryProxy.java:60)
	at com.google.inject.internal.InternalInjectorCreator.loadEagerSingletons(InternalInjectorCreator.java:213)
	at com.google.inject.internal.InternalInjectorCreator.injectDynamically(InternalInjectorCreator.java:186)
	at com.google.inject.internal.InternalInjectorCreator.build(InternalInjectorCreator.java:113)
	at com.google.inject.Guice.createInjector(Guice.java:87)
	at com.google.inject.Guice.createInjector(Guice.java:78)
	at play.api.inject.guice.GuiceBuilder.injector(GuiceInjectorBuilder.scala:200)
	at play.api.inject.guice.GuiceApplicationBuilder.build(GuiceApplicationBuilder.scala:176)
	at play.api.inject.guice.GuiceApplicationLoader.load(GuiceApplicationLoader.scala:21)
	at play.core.server.ProdServerStart$.start(ProdServerStart.scala:52)
	at play.core.server.ProdServerStart$.main(ProdServerStart.scala:28)
	at play.core.server.ProdServerStart.main(ProdServerStart.scala)
	at java.base/jdk.internal.reflect.DirectMethodHandleAccessor.invoke(DirectMethodHandleAccessor.java:103)
	at java.base/java.lang.reflect.Method.invoke(Method.java:580)
	at sbt.Run.invokeMain(Run.scala:135)
	at sbt.Run.execute$1(Run.scala:85)
	at sbt.Run.$anonfun$runWithLoader$5(Run.scala:112)
	at sbt.Run$.executeSuccess(Run.scala:178)
	at sbt.Run.runWithLoader(Run.scala:112)
	at sbt.Defaults$.$anonfun$bgRunMainTask$7(Defaults.scala:2040)
	at sbt.Defaults$.$anonfun$termWrapper$2(Defaults.scala:2011)
	at scala.runtime.java8.JFunction0$mcV$sp.apply(JFunction0$mcV$sp.java:23)
	at scala.util.Try$.apply(Try.scala:213)
	at sbt.internal.BackgroundThreadPool$BackgroundRunnable.run(DefaultBackgroundJobService.scala:378)
	at java.base/java.util.concurrent.ThreadPoolExecutor.runWorker(ThreadPoolExecutor.java:1144)
	at java.base/java.util.concurrent.ThreadPoolExecutor$Worker.run(ThreadPoolExecutor.java:642)
	at java.base/java.lang.Thread.run(Thread.java:1583)
